<?xml version="1.0" encoding="UTF-8"?>
<!-- Generated by org.testng.reporters.JUnitXMLReporter -->
<testsuite hostname="Vishal-PC" ignored="0" name="Command line test 4cc0d106-29d2-4113-a536-05893867be8b" tests="1" failures="1" timestamp="02 Feb 2019 09:21:28 GMT" time="103.334" errors="0">
  <testcase name="tranding" time="29.997" classname="org.testing.TestScripts.TC1">
    <failure type="java.lang.IndexOutOfBoundsException" message="Index: 1, Size: 0">
      <![CDATA[java.lang.IndexOutOfBoundsException: Index: 1, Size: 0
at java.util.ArrayList.rangeCheck(Unknown Source)
at java.util.ArrayList.get(Unknown Source)
at org.testing.TestScripts.TC1.tranding(TC1.java:25)
at org.testing.Runner.Runner.main(Runner.java:75)
... Removed 22 stack frames]]>
    </failure>
  </testcase> <!-- tranding -->
</testsuite> <!-- Command line test 4cc0d106-29d2-4113-a536-05893867be8b -->
