<?xml version="1.0" encoding="UTF-8"?>
<testng-results skipped="0" failed="1" ignored="0" total="1" passed="0">
  <reporter-output>
  </reporter-output>
  <suite name="Suite1" duration-ms="103334" started-at="2019-02-02T09:19:44Z" finished-at="2019-02-02T09:21:28Z">
    <groups>
    </groups>
    <test name="Command line test 4cc0d106-29d2-4113-a536-05893867be8b" duration-ms="103334" started-at="2019-02-02T09:19:44Z" finished-at="2019-02-02T09:21:28Z">
      <class name="org.testing.TestScripts.TC1">
        <test-method status="PASS" signature="openBrowser()[pri:0, instance:org.testing.TestScripts.TC1@6e6d5e]" name="openBrowser" is-config="true" duration-ms="73144" started-at="2019-02-02T09:19:44Z" finished-at="2019-02-02T09:20:57Z">
          <reporter-output>
          </reporter-output>
        </test-method> <!-- openBrowser -->
        <test-method status="FAIL" signature="tranding()[pri:0, instance:org.testing.TestScripts.TC1@6e6d5e]" name="tranding" duration-ms="29997" started-at="2019-02-02T09:20:58Z" finished-at="2019-02-02T09:21:28Z">
          <exception class="java.lang.IndexOutOfBoundsException">
            <message>
              <![CDATA[Index: 1, Size: 0]]>
            </message>
            <full-stacktrace>
              <![CDATA[java.lang.IndexOutOfBoundsException: Index: 1, Size: 0
at java.util.ArrayList.rangeCheck(Unknown Source)
at java.util.ArrayList.get(Unknown Source)
at org.testing.TestScripts.TC1.tranding(TC1.java:25)
at sun.reflect.NativeMethodAccessorImpl.invoke0(Native Method)
at sun.reflect.NativeMethodAccessorImpl.invoke(Unknown Source)
at sun.reflect.DelegatingMethodAccessorImpl.invoke(Unknown Source)
at java.lang.reflect.Method.invoke(Unknown Source)
at org.testng.internal.MethodInvocationHelper.invokeMethod(MethodInvocationHelper.java:124)
at org.testng.internal.Invoker.invokeMethod(Invoker.java:580)
at org.testng.internal.Invoker.invokeTestMethod(Invoker.java:716)
at org.testng.internal.Invoker.invokeTestMethods(Invoker.java:988)
at org.testng.internal.TestMethodWorker.invokeTestMethods(TestMethodWorker.java:125)
at org.testng.internal.TestMethodWorker.run(TestMethodWorker.java:109)
at org.testng.TestRunner.privateRun(TestRunner.java:648)
at org.testng.TestRunner.run(TestRunner.java:505)
at org.testng.SuiteRunner.runTest(SuiteRunner.java:455)
at org.testng.SuiteRunner.runSequentially(SuiteRunner.java:450)
at org.testng.SuiteRunner.privateRun(SuiteRunner.java:415)
at org.testng.SuiteRunner.run(SuiteRunner.java:364)
at org.testng.SuiteRunnerWorker.runSuite(SuiteRunnerWorker.java:52)
at org.testng.SuiteRunnerWorker.run(SuiteRunnerWorker.java:84)
at org.testng.TestNG.runSuitesSequentially(TestNG.java:1208)
at org.testng.TestNG.runSuitesLocally(TestNG.java:1137)
at org.testng.TestNG.runSuites(TestNG.java:1049)
at org.testng.TestNG.run(TestNG.java:1017)
at org.testing.Runner.Runner.main(Runner.java:75)
]]>
            </full-stacktrace>
          </exception> <!-- java.lang.IndexOutOfBoundsException -->
          <reporter-output>
          </reporter-output>
        </test-method> <!-- tranding -->
      </class> <!-- org.testing.TestScripts.TC1 -->
    </test> <!-- Command line test 4cc0d106-29d2-4113-a536-05893867be8b -->
  </suite> <!-- Suite1 -->
</testng-results>
